\BOOKMARK [1][-]{section.1}{\376\377\301\034\270\140}{}% 1
\BOOKMARK [2][-]{subsection.1.1}{\376\377\000V\000e\000r\000t\000i\000c\000a\000l\000\040\000s\000c\000a\000l\000i\000n\000g\254\374\000\040\000h\000o\000r\000i\000z\000o\000n\000t\000a\000l\000\040\000s\000c\000a\000l\000i\000n\000g}{section.1}% 2
\BOOKMARK [2][-]{subsection.1.2}{\376\377\301\040\325\211\000\040\325\164\274\225\254\374\000\040\260\250\307\100\000\040\276\110\322\310}{section.1}% 3
\BOOKMARK [2][-]{subsection.1.3}{\376\377\256\060\305\354}{section.1}% 4
\BOOKMARK [1][-]{section.2}{\376\377\255\000\270\050\000\040\305\360\255\154\000\040\000\050\000P\000r\000e\000v\000i\000o\000u\000s\000\040\000R\000e\000s\000e\000a\000r\000c\000h\000\051}{}% 5
\BOOKMARK [2][-]{subsection.2.1}{\376\377\000G\000l\000o\000t\0005\0000\0000\254\374\000\040\000h\000o\000r\000i\000z\000o\000n\000t\000a\000l\000\040\000l\000a\000n\000g\000u\000a\000g\000e\000\040\000s\000c\000a\000l\000i\000n\000g}{section.2}% 6
\BOOKMARK [2][-]{subsection.2.2}{\376\377\000V\000o\000c\000a\000b\000u\000l\000a\000r\000y\000\040\000e\000x\000t\000e\000n\000s\000i\000o\000n\307\130\000\040\264\120\000\040\254\304\305\364}{section.2}% 7
\BOOKMARK [2][-]{subsection.2.3}{\376\377\000E\000m\000b\000e\000d\000d\000i\000n\000g\000\040\000i\000n\000i\000t\000i\000a\000l\000i\000z\000a\000t\000i\000o\000n\000\040\000/\000\040\000v\000o\000c\000a\000b\000u\000l\000a\000r\000y\000\040\000t\000r\000a\000n\000s\000f\000e\000r}{section.2}% 8
\BOOKMARK [2][-]{subsection.2.4}{\376\377\323\311\254\000\000\040\325\004\270\134\321\240\317\134}{section.2}% 9
\BOOKMARK [1][-]{section.3}{\376\377\263\160\307\164\321\060}{}% 10
\BOOKMARK [2][-]{subsection.3.1}{\376\377\305\270\305\264\000\040\274\224\307\004\306\100\000\040\263\160\307\164\321\060\000\040\315\234\314\230}{section.3}% 11
\BOOKMARK [2][-]{subsection.3.2}{\376\377\305\270\305\264\000\040\301\040\320\335\000\040\307\164\307\040\000:\000\040\000t\000a\000s\000k\000\040\311\021\302\354\000\040\301\044\254\304}{section.3}% 12
\BOOKMARK [2][-]{subsection.3.3}{\376\377\325\131\302\265\000\040\000c\000o\000r\000p\000u\000s\306\100\000\040\000s\000a\000m\000p\000l\000i\000n\000g}{section.3}% 13
\BOOKMARK [1][-]{section.4}{\376\377\274\051\274\225\000\040\000\050\000M\000e\000t\000h\000o\000d\000\051}{}% 14
\BOOKMARK [2][-]{subsection.4.1}{\376\377\000T\000o\000k\000e\000n\000i\000z\000e\000r\000\040\000e\000x\000t\000e\000n\000s\000i\000o\000n}{section.4}% 15
\BOOKMARK [2][-]{subsection.4.2}{\376\377\000E\000m\000b\000e\000d\000d\000i\000n\000g\000\040\000i\000n\000i\000t\000i\000a\000l\000i\000z\000a\000t\000i\000o\000n\000:\000\040\262\344\301\057\000\040\274\051\274\225}{section.4}% 16
\BOOKMARK [2][-]{subsection.4.3}{\376\377\000C\000o\000n\000t\000i\000n\000u\000e\000d\000\040\000M\000L\000M\000\040\000p\000r\000e\000t\000r\000a\000i\000n\000i\000n\000g}{section.4}% 17
\BOOKMARK [1][-]{section.5}{\376\377\302\344\325\330\000:\000\040\323\311\254\000\000\040\000t\000a\000s\000k\306\100\000\040\263\331\307\221}{}% 18
\BOOKMARK [2][-]{subsection.5.1}{\376\377\000P\000s\000e\000u\000d\000o\000p\000e\000r\000p\000l\000e\000x\000i\000t\000y\000\040\000\050\000P\000P\000P\000L\000\051\000\040\040\024\000\040}{section.5}% 19
\BOOKMARK [2][-]{subsection.5.2}{\376\377\000S\000e\000n\000t\000e\000n\000c\000e\000\040\000R\000e\000t\000r\000i\000e\000v\000a\000l\000\040\040\024\000\040\000T\000a\000t\000o\000e\000b\000a\000\040\000/\000\040\000B\000i\000b\000l\000e\000\040\040\024\000\040}{section.5}% 20
\BOOKMARK [2][-]{subsection.5.3}{\376\377\000N\000E\000R\000\040\040\024\000\040}{section.5}% 21
\BOOKMARK [2][-]{subsection.5.4}{\376\377\000R\000o\000u\000n\000d\000t\000r\000i\000p\000\040\000A\000l\000i\000g\000n\000m\000e\000n\000t\000\040\040\024\000\040}{section.5}% 22
\BOOKMARK [2][-]{subsection.5.5}{\376\377\000T\000e\000x\000t\000\040\000C\000l\000a\000s\000s\000i\000f\000i\000c\000a\000t\000i\000o\000n\000\040\040\024\000\040\000T\000a\000x\000i\0001\0005\0000\0000\000\040\040\024\000\040}{section.5}% 23
\BOOKMARK [1][-]{section.6}{\376\377\254\260\254\374}{}% 24
\BOOKMARK [2][-]{subsection.6.1}{\376\377\000T\000o\000k\000e\000n\000i\000z\000e\000r\000\040\000f\000e\000r\000t\000i\000l\000i\000t\000y}{section.6}% 25
\BOOKMARK [2][-]{subsection.6.2}{\376\377\0005\0000\000K\000\040\000d\000o\000w\000n\000s\000t\000r\000e\000a\000m\000\040\276\104\255\120}{section.6}% 26
\BOOKMARK [2][-]{subsection.6.3}{\376\377\000f\000a\000m\000i\000l\000y\000\137\000m\000e\000a\000n\000\040\000P\000P\000P\000L\000\040\307\164\264\335\307\130\000\040\305\270\305\264\274\304\000\040\275\204\325\164}{section.6}% 27
\BOOKMARK [2][-]{subsection.6.4}{\376\377\315\010\256\060\326\124\305\320\000\040\265\060\271\170\000\040\000l\000o\000s\000s\000\040\254\275\325\245\254\374\000\040\302\030\270\064}{section.6}% 28
\BOOKMARK [2][-]{subsection.6.5}{\376\377\000S\000t\000e\000p\274\304\000\040\000d\000o\000w\000n\000s\000t\000r\000e\000a\000m\000\040\274\300\326\124\000\040\000\050\000c\000r\000o\000s\000s\000o\000v\000e\000r\000\051}{section.6}% 29
\BOOKMARK [1][-]{section.7}{\376\377\324\134\326\004\000\040\254\365\254\004\000\040\275\204\301\035}{}% 30
\BOOKMARK [2][-]{subsection.7.1}{\376\377\305\270\305\264\274\304\000\267\254\304\321\265\274\304\000\040\255\154\310\160\000\040\326\025\301\061}{section.7}% 31
\BOOKMARK [2][-]{subsection.7.2}{\376\377\000S\000t\000e\000p\000\040\274\300\326\124\305\320\000\040\265\060\271\170\000\040\000c\000l\000u\000s\000t\000e\000r\000i\000n\000g}{section.7}% 32
\BOOKMARK [2][-]{subsection.7.3}{\376\377\0003\0008\254\034\000\040\305\270\305\264\000\040\0002\000D\000\040\000P\000C\000A\306\100\000\040\000s\000t\000e\000p\274\304\000\040\274\300\326\124}{section.7}% 33
\BOOKMARK [2][-]{subsection.7.4}{\376\377\310\205\325\151\000:\000\040\254\000\307\245\000\040\307\164\300\301\310\001\307\170\000\040\315\010\256\060\326\124}{section.7}% 34
\BOOKMARK [1][-]{section.8}{\376\377\254\260\270\140\000\040\274\017\000\040\325\134\254\304}{}% 35
\BOOKMARK [1][-]{appendix.A}{\376\377\275\200\270\135\000\040\000A\000:\000\040\274\364\310\160\000\040\307\220\270\314}{}% 36
\BOOKMARK [2][-]{subsection.A.1}{\376\377\000B\000i\000b\000l\000e\000\040\000r\000e\000t\000r\000i\000e\000v\000a\000l\000\040\000f\000l\000o\000o\000r}{appendix.A}% 37
\BOOKMARK [2][-]{subsection.A.2}{\376\377\315\010\256\060\326\124\000\040\254\020\300\254\000\040\302\030\316\130}{appendix.A}% 38
\BOOKMARK [1][-]{appendix.B}{\376\377\275\200\270\135\000\040\000B\000:\000\040\310\004\314\264\000\040\254\260\254\374}{}% 39
\BOOKMARK [2][-]{subsection.B.1}{\376\377\000S\000t\000e\000p\274\304\000\040\000i\000n\000i\000t\000\040\276\104\255\120}{appendix.B}% 40
\BOOKMARK [2][-]{subsection.B.2}{\376\377\000I\000n\000i\000t\274\304\000\040\000s\000t\000e\000p\000\040\306\224\305\175}{appendix.B}% 41
\BOOKMARK [2][-]{subsection.B.3}{\376\377\315\010\256\060\326\124\000\040\274\051\274\225\274\304\000\040\000s\000t\000e\000p\274\304\000\040\0002\000D\000\040\000e\000m\000b\000e\000d\000d\000i\000n\000g\000\040\000m\000a\000p\000\040\000\050\310\004\314\264\000\051}{appendix.B}% 42
\BOOKMARK [2][-]{subsection.B.4}{\376\377\0003\0008\254\034\000\040\305\270\305\264\000\040\000c\000e\000n\000t\000r\000o\000i\000d\000\040\0002\000D\000\040\000m\000a\000p}{appendix.B}% 43
